<?xml version="1.0" encoding="UTF-8"?>
<!-- Generated by org.testng.reporters.JUnitXMLReporter -->
<testsuite ignored="0" hostname="DESKTOP-505DA1M" failures="0" tests="1" name="Test" time="0.399" errors="0" timestamp="2022-02-14T10:20:32 IST">
  <testcase classname="com.opencart.PageObjects.BaseClass" name="@BeforeClass setup" time="0.282">
    <failure type="java.lang.IllegalStateException" message="The driver executable does not exist: C:\Users\Abhi\git\repository\OpenCart\.drivers\geckodriver.exe">
      <![CDATA[java.lang.IllegalStateException: The driver executable does not exist: C:\Users\Abhi\git\repository\OpenCart\.drivers\geckodriver.exe
at com.google.common.base.Preconditions.checkState(Preconditions.java:585)
at org.openqa.selenium.remote.service.DriverService.checkExecutable(DriverService.java:137)
at org.openqa.selenium.remote.service.DriverService.findExecutable(DriverService.java:132)
at org.openqa.selenium.firefox.GeckoDriverService.access$100(GeckoDriverService.java:43)
at org.openqa.selenium.firefox.GeckoDriverService$Builder.findDefaultExecutable(GeckoDriverService.java:168)
at org.openqa.selenium.remote.service.DriverService$Builder.build(DriverService.java:346)
at org.openqa.selenium.firefox.FirefoxDriver.toExecutor(FirefoxDriver.java:168)
at org.openqa.selenium.firefox.FirefoxDriver.<init>(FirefoxDriver.java:125)
at org.openqa.selenium.firefox.FirefoxDriver.<init>(FirefoxDriver.java:103)
at com.opencart.Utilities.BrowserFactory.startApplication(BrowserFactory.java:20)
at com.opencart.PageObjects.BaseClass.setup(BaseClass.java:57)
at java.base/java.util.ArrayList.forEach(ArrayList.java:1541)
... Removed 29 stack frames]]>
    </failure>
  </testcase> <!-- @BeforeClass setup -->
  <testcase classname="com.opencart.PageObjects.BaseClass" name="@AfterMethod teardownMethod" time="-1.64481423275E9">
    <skipped/>
  </testcase> <!-- @AfterMethod teardownMethod -->
  <testcase classname="com.opencart.PageObjects.BaseClass" name="@AfterClass teardown" time="-1.644814232756E9">
    <skipped/>
  </testcase> <!-- @AfterClass teardown -->
  <testcase classname="com.opencart.TestCases.LoginTestCRM" name="loginApp" time="0.0">
    <skipped/>
  </testcase> <!-- loginApp -->
</testsuite> <!-- Test -->
