<?xml version="1.0" encoding="UTF-8"?>
<!-- Generated by org.testng.reporters.JUnitXMLReporter -->
<testsuite ignored="0" hostname="DESKTOP-505DA1M" failures="0" tests="1" name="Test" time="0.307" errors="0" timestamp="2022-03-15T10:20:51 IST">
  <testcase classname="com.deltage.PageObjects.BaseClass" name="@BeforeClass setup" time="-1.647319851598E9">
    <failure type="org.testng.TestNGException" message="
Parameter &amp;apos;browser&amp;apos; is required by BeforeClass on method setup but has not been marked @Optional or defined
in C:\Users\Abhi\git\repository\Deltage\testng.xml">
      <![CDATA[org.testng.TestNGException: 
Parameter 'browser' is required by BeforeClass on method setup but has not been marked @Optional or defined
in C:\Users\Abhi\git\repository\Deltage\testng.xml
at java.base/java.util.ArrayList.forEach(ArrayList.java:1511)
... Removed 22 stack frames]]>
    </failure>
  </testcase> <!-- @BeforeClass setup -->
  <testcase classname="com.deltage.PageObjects.BaseClass" name="@AfterMethod teardownMethod" time="-1.647319851784E9">
    <skipped/>
  </testcase> <!-- @AfterMethod teardownMethod -->
  <testcase classname="com.deltage.PageObjects.BaseClass" name="@AfterClass teardown" time="-1.64731985181E9">
    <skipped/>
  </testcase> <!-- @AfterClass teardown -->
  <testcase classname="com.deltage.TestCases.TC_001_LoginPage" name="loginApp" time="0.0">
    <skipped/>
  </testcase> <!-- loginApp -->
</testsuite> <!-- Test -->
